The system is: Windows - 10.0.18362 - AMD64
Compiling the C compiler identification source file "CMakeCCompilerId.c" succeeded.
Compiler: C:/Program Files (x86)/Microsoft Visual Studio/2019/Community/VC/Tools/MSVC/14.25.28610/bin/HostX64/x64/cl.exe 
Build flags: 
Id flags:  

The output was:
0
用于 x64 的 Microsoft (R) C/C++ 优化编译器 19.25.28614 版
版权所有(C) Microsoft Corporation。保留所有权利。

CMakeCCompilerId.c
Microsoft (R) Incremental Linker Version 14.25.28614.0
Copyright (C) Microsoft Corporation.  All rights reserved.

/out:CMakeCCompilerId.exe 
CMakeCCompilerId.obj 


Compilation of the C compiler identification source "CMakeCCompilerId.c" produced "CMakeCCompilerId.exe"

Compilation of the C compiler identification source "CMakeCCompilerId.c" produced "CMakeCCompilerId.obj"

The C compiler identification is MSVC, found in "C:/Users/Z2337/source/repos/Textractor/texthook/out/build/x64-Debug/CMakeFiles/3.16.19112601-MSVC_2/CompilerIdC/CMakeCCompilerId.exe"

Compiling the CXX compiler identification source file "CMakeCXXCompilerId.cpp" succeeded.
Compiler: C:/Program Files (x86)/Microsoft Visual Studio/2019/Community/VC/Tools/MSVC/14.25.28610/bin/HostX64/x64/cl.exe 
Build flags: 
Id flags:  

The output was:
0
用于 x64 的 Microsoft (R) C/C++ 优化编译器 19.25.28614 版
版权所有(C) Microsoft Corporation。保留所有权利。

CMakeCXXCompilerId.cpp
Microsoft (R) Incremental Linker Version 14.25.28614.0
Copyright (C) Microsoft Corporation.  All rights reserved.

/out:CMakeCXXCompilerId.exe 
CMakeCXXCompilerId.obj 


Compilation of the CXX compiler identification source "CMakeCXXCompilerId.cpp" produced "CMakeCXXCompilerId.exe"

Compilation of the CXX compiler identification source "CMakeCXXCompilerId.cpp" produced "CMakeCXXCompilerId.obj"

The CXX compiler identification is MSVC, found in "C:/Users/Z2337/source/repos/Textractor/texthook/out/build/x64-Debug/CMakeFiles/3.16.19112601-MSVC_2/CompilerIdCXX/CMakeCXXCompilerId.exe"

Determining if the C compiler works passed with the following output:
Change Dir: C:/Users/Z2337/source/repos/Textractor/texthook/out/build/x64-Debug/CMakeFiles/CMakeTmp

Run Build Command(s):C:/Program Files (x86)/Microsoft Visual Studio/2019/Community/Common7/IDE/CommonExtensions/Microsoft/CMake/Ninja/ninja.exe cmTC_1e4fd && [1/2] Building C object CMakeFiles\cmTC_1e4fd.dir\testCCompiler.c.obj
[2/2] Linking C executable cmTC_1e4fd.exe



Detecting C compiler ABI info compiled with the following output:
Change Dir: C:/Users/Z2337/source/repos/Textractor/texthook/out/build/x64-Debug/CMakeFiles/CMakeTmp

Run Build Command(s):C:/Program Files (x86)/Microsoft Visual Studio/2019/Community/Common7/IDE/CommonExtensions/Microsoft/CMake/Ninja/ninja.exe cmTC_1de09 && [1/2] Building C object CMakeFiles\cmTC_1de09.dir\CMakeCCompilerABI.c.obj
[2/2] Linking C executable cmTC_1de09.exe



Determining if the CXX compiler works passed with the following output:
Change Dir: C:/Users/Z2337/source/repos/Textractor/texthook/out/build/x64-Debug/CMakeFiles/CMakeTmp

Run Build Command(s):C:/Program Files (x86)/Microsoft Visual Studio/2019/Community/Common7/IDE/CommonExtensions/Microsoft/CMake/Ninja/ninja.exe cmTC_0bc70 && [1/2] Building CXX object CMakeFiles\cmTC_0bc70.dir\testCXXCompiler.cxx.obj
[2/2] Linking CXX executable cmTC_0bc70.exe



Detecting CXX compiler ABI info compiled with the following output:
Change Dir: C:/Users/Z2337/source/repos/Textractor/texthook/out/build/x64-Debug/CMakeFiles/CMakeTmp

Run Build Command(s):C:/Program Files (x86)/Microsoft Visual Studio/2019/Community/Common7/IDE/CommonExtensions/Microsoft/CMake/Ninja/ninja.exe cmTC_a5f38 && [1/2] Building CXX object CMakeFiles\cmTC_a5f38.dir\CMakeCXXCompilerABI.cpp.obj
[2/2] Linking CXX executable cmTC_a5f38.exe



